<?xml version="1.0" encoding="utf-8"?><testsuites name="pytest tests"><testsuite name="pytest" errors="0" failures="0" skipped="0" tests="12" time="2.915" timestamp="2026-05-16T07:44:36.161308+00:00" hostname="agent-env-15ef9202-a078-4c0a-af82-cedf653c63b0"><testcase classname="backend.tests.test_clipforge" name="test_root" time="0.241" /><testcase classname="backend.tests.test_clipforge" name="test_login_seeded" time="0.336" /><testcase classname="backend.tests.test_clipforge" name="test_me" time="0.328" /><testcase classname="backend.tests.test_clipforge" name="test_login_invalid" time="0.322" /><testcase classname="backend.tests.test_clipforge" name="test_register_and_logout" time="0.448" /><testcase classname="backend.tests.test_clipforge" name="test_register_duplicate" time="0.152" /><testcase classname="backend.tests.test_clipforge" name="test_google_auth" time="0.401" /><testcase classname="backend.tests.test_clipforge" name="test_list_seeded_clips" time="0.052" /><testcase classname="backend.tests.test_clipforge" name="test_clip_crud_flow" time="0.356" /><testcase classname="backend.tests.test_clipforge" name="test_ai_transcript" time="0.052" /><testcase classname="backend.tests.test_clipforge" name="test_ai_suggestions" time="0.047" /><testcase classname="backend.tests.test_clipforge" name="test_unauthenticated_clips" time="0.101" /></testsuite></testsuites>